c:\users\user\graphics\voxen\voxen\voxen\debug\vc142.pdb
c:\users\user\graphics\voxen\voxen\voxen\debug\vc142.idb
c:\users\user\graphics\voxen\voxen\voxen\debug\main.obj
c:\users\user\graphics\voxen\voxen\voxen\debug\app.obj
c:\users\user\graphics\voxen\voxen\debug\voxen.pdb
c:\users\user\graphics\voxen\voxen\voxen\debug\voxen.tlog\cl.command.1.tlog
c:\users\user\graphics\voxen\voxen\voxen\debug\voxen.tlog\cl.read.1.tlog
c:\users\user\graphics\voxen\voxen\voxen\debug\voxen.tlog\cl.write.1.tlog
c:\users\user\graphics\voxen\voxen\voxen\debug\voxen.tlog\link-cvtres.read.1.tlog
c:\users\user\graphics\voxen\voxen\voxen\debug\voxen.tlog\link-cvtres.write.1.tlog
c:\users\user\graphics\voxen\voxen\voxen\debug\voxen.tlog\link-rc.read.1.tlog
c:\users\user\graphics\voxen\voxen\voxen\debug\voxen.tlog\link-rc.write.1.tlog
c:\users\user\graphics\voxen\voxen\voxen\debug\voxen.tlog\link.19780-cvtres.read.1.tlog
c:\users\user\graphics\voxen\voxen\voxen\debug\voxen.tlog\link.19780-cvtres.write.1.tlog
c:\users\user\graphics\voxen\voxen\voxen\debug\voxen.tlog\link.19780-rc.read.1.tlog
c:\users\user\graphics\voxen\voxen\voxen\debug\voxen.tlog\link.19780-rc.write.1.tlog
c:\users\user\graphics\voxen\voxen\voxen\debug\voxen.tlog\link.19780.read.1.tlog
c:\users\user\graphics\voxen\voxen\voxen\debug\voxen.tlog\link.19780.write.1.tlog
c:\users\user\graphics\voxen\voxen\voxen\debug\voxen.tlog\link.command.1.tlog
c:\users\user\graphics\voxen\voxen\voxen\debug\voxen.tlog\link.read.1.tlog
c:\users\user\graphics\voxen\voxen\voxen\debug\voxen.tlog\link.write.1.tlog
