c:\users\user\graphics\voxen\voxen\voxen\x64\debug\vc142.pdb
c:\users\user\graphics\voxen\voxen\voxen\x64\debug\vc142.idb
c:\users\user\graphics\voxen\voxen\voxen\x64\debug\utils.obj
c:\users\user\graphics\voxen\voxen\voxen\x64\debug\main.obj
c:\users\user\graphics\voxen\voxen\voxen\x64\debug\block.obj
c:\users\user\graphics\voxen\voxen\voxen\x64\debug\app.obj
c:\users\user\graphics\voxen\voxen\x64\debug\pixelshader1.cso
c:\users\user\graphics\voxen\voxen\x64\debug\vertexshader1.cso
c:\users\user\graphics\voxen\voxen\x64\debug\pixelshader.cso
c:\users\user\graphics\voxen\voxen\x64\debug\vertexshader.cso
c:\users\user\graphics\voxen\voxen\x64\debug\voxen.exe
c:\users\user\graphics\voxen\voxen\voxen\x64\debug\voxen.ilk
c:\users\user\graphics\voxen\voxen\x64\debug\voxen.pdb
c:\users\user\graphics\voxen\voxen\voxen\x64\debug\voxen.tlog\cl.command.1.tlog
c:\users\user\graphics\voxen\voxen\voxen\x64\debug\voxen.tlog\cl.read.1.tlog
c:\users\user\graphics\voxen\voxen\voxen\x64\debug\voxen.tlog\cl.write.1.tlog
c:\users\user\graphics\voxen\voxen\voxen\x64\debug\voxen.tlog\fxc.command.1.tlog
c:\users\user\graphics\voxen\voxen\voxen\x64\debug\voxen.tlog\fxc.read.1.tlog
c:\users\user\graphics\voxen\voxen\voxen\x64\debug\voxen.tlog\fxc.write.1.tlog
c:\users\user\graphics\voxen\voxen\voxen\x64\debug\voxen.tlog\link.command.1.tlog
c:\users\user\graphics\voxen\voxen\voxen\x64\debug\voxen.tlog\link.read.1.tlog
c:\users\user\graphics\voxen\voxen\voxen\x64\debug\voxen.tlog\link.write.1.tlog
